{"/Users/georegruner/Projects/Rithm/LabExercises/node-markov/markov.js": {"path":"/Users/georegruner/Projects/Rithm/LabExercises/node-markov/markov.js","statementMap":{"0":{"start":{"line":3,"column":8},"end":{"line":3,"column":25}},"1":{"start":{"line":11,"column":16},"end":{"line":11,"column":38}},"2":{"start":{"line":12,"column":4},"end":{"line":12,"column":45}},"3":{"start":{"line":12,"column":35},"end":{"line":12,"column":43}},"4":{"start":{"line":13,"column":4},"end":{"line":13,"column":36}},"5":{"start":{"line":22,"column":17},"end":{"line":22,"column":19}},"6":{"start":{"line":24,"column":4},"end":{"line":32,"column":5}},"7":{"start":{"line":25,"column":21},"end":{"line":25,"column":51}},"8":{"start":{"line":27,"column":6},"end":{"line":31,"column":7}},"9":{"start":{"line":28,"column":8},"end":{"line":28,"column":49}},"10":{"start":{"line":30,"column":8},"end":{"line":30,"column":47}},"11":{"start":{"line":34,"column":4},"end":{"line":34,"column":18}},"12":{"start":{"line":41,"column":16},"end":{"line":41,"column":17}},"13":{"start":{"line":42,"column":22},"end":{"line":42,"column":42}},"14":{"start":{"line":43,"column":15},"end":{"line":43,"column":26}},"15":{"start":{"line":46,"column":4},"end":{"line":56,"column":5}},"16":{"start":{"line":47,"column":6},"end":{"line":47,"column":52}},"17":{"start":{"line":49,"column":6},"end":{"line":51,"column":7}},"18":{"start":{"line":50,"column":8},"end":{"line":50,"column":20}},"19":{"start":{"line":53,"column":6},"end":{"line":53,"column":29}},"20":{"start":{"line":54,"column":6},"end":{"line":54,"column":29}},"21":{"start":{"line":55,"column":6},"end":{"line":55,"column":14}},"22":{"start":{"line":58,"column":4},"end":{"line":58,"column":16}},"23":{"start":{"line":62,"column":0},"end":{"line":64,"column":1}}},"fnMap":{"0":{"name":"(anonymous_0)","decl":{"start":{"line":10,"column":2},"end":{"line":10,"column":3}},"loc":{"start":{"line":10,"column":20},"end":{"line":14,"column":3}},"line":10},"1":{"name":"(anonymous_1)","decl":{"start":{"line":12,"column":30},"end":{"line":12,"column":31}},"loc":{"start":{"line":12,"column":35},"end":{"line":12,"column":43}},"line":12},"2":{"name":"(anonymous_2)","decl":{"start":{"line":21,"column":2},"end":{"line":21,"column":3}},"loc":{"start":{"line":21,"column":15},"end":{"line":35,"column":3}},"line":21},"3":{"name":"(anonymous_3)","decl":{"start":{"line":40,"column":2},"end":{"line":40,"column":3}},"loc":{"start":{"line":40,"column":27},"end":{"line":59,"column":3}},"line":40}},"branchMap":{"0":{"loc":{"start":{"line":25,"column":21},"end":{"line":25,"column":51}},"type":"binary-expr","locations":[{"start":{"line":25,"column":21},"end":{"line":25,"column":43}},{"start":{"line":25,"column":47},"end":{"line":25,"column":51}}],"line":25},"1":{"loc":{"start":{"line":27,"column":6},"end":{"line":31,"column":7}},"type":"if","locations":[{"start":{"line":27,"column":6},"end":{"line":31,"column":7}},{"start":{"line":27,"column":6},"end":{"line":31,"column":7}}],"line":27},"2":{"loc":{"start":{"line":40,"column":11},"end":{"line":40,"column":25}},"type":"default-arg","locations":[{"start":{"line":40,"column":22},"end":{"line":40,"column":25}}],"line":40},"3":{"loc":{"start":{"line":49,"column":6},"end":{"line":51,"column":7}},"type":"if","locations":[{"start":{"line":49,"column":6},"end":{"line":51,"column":7}},{"start":{"line":49,"column":6},"end":{"line":51,"column":7}}],"line":49}},"s":{"0":1,"1":1,"2":1,"3":6,"4":1,"5":1,"6":1,"7":6,"8":6,"9":2,"10":4,"11":1,"12":2,"13":2,"14":2,"15":2,"16":2,"17":2,"18":1,"19":1,"20":1,"21":1,"22":1,"23":1},"f":{"0":1,"1":6,"2":1,"3":2},"b":{"0":[6,1],"1":[2,4],"2":[1],"3":[1,1]},"_coverageSchema":"1a1c01bbd47fc00a2c39e90264f33305004495a9","hash":"f0d4342dbc8c911ac351057ae0f6aad541338ddc"}
}
