TN:
SF:markov.js
FN:10,(anonymous_0)
FN:12,(anonymous_1)
FN:21,(anonymous_2)
FN:40,(anonymous_3)
FNF:4
FNH:4
FNDA:1,(anonymous_0)
FNDA:6,(anonymous_1)
FNDA:1,(anonymous_2)
FNDA:2,(anonymous_3)
DA:3,1
DA:11,1
DA:12,6
DA:13,1
DA:22,1
DA:24,1
DA:25,6
DA:27,6
DA:28,2
DA:30,4
DA:34,1
DA:41,2
DA:42,2
DA:43,2
DA:46,2
DA:47,2
DA:49,2
DA:50,1
DA:53,1
DA:54,1
DA:55,1
DA:58,1
DA:62,1
LF:23
LH:23
BRDA:25,0,0,6
BRDA:25,0,1,1
BRDA:27,1,0,2
BRDA:27,1,1,4
BRDA:40,2,0,1
BRDA:49,3,0,1
BRDA:49,3,1,1
BRF:7
BRH:7
end_of_record
